1604082579166	geckodriver	INFO	Listening on 127.0.0.1:53213
1604082582275	mozrunner::runner	INFO	Running command: "C:\\Program Files\\Mozilla Firefox\\firefox.exe" "--marionette" "-foreground" "-no-remote" "-profile" "C:\\Users\\Federico\\AppData\\Local\\Temp\\rust_mozprofileT16iRe"
Can't find symbol 'eglSwapBuffersWithDamageEXT'.
JavaScript error: resource://gre/modules/XULStore.jsm, line 66: Error: Can't find profile directory.
console.warn: SearchSettings: "get: No settings file exists, new profile?" (new Error("", "(unknown module)"))
1604082588374	Marionette	INFO	Listening on port 53222
1604082588666	Marionette	WARN	TLS certificate errors will be ignored for this session
1604082853108	Marionette	INFO	Stopped listening on port 53222

###!!! [Child][RunMessage] Error: Channel closing: too late to send/recv, messages will be lost


###!!! [Child][MessageChannel::SendAndWait] Error: Channel error: cannot send/recv

1604083547087	geckodriver	INFO	Listening on 127.0.0.1:53654
1604083550198	mozrunner::runner	INFO	Running command: "C:\\Program Files\\Mozilla Firefox\\firefox.exe" "--marionette" "-foreground" "-no-remote" "-profile" "C:\\Users\\Federico\\AppData\\Local\\Temp\\rust_mozprofilex9SY8s"
Can't find symbol 'eglSwapBuffersWithDamageEXT'.
JavaScript error: resource://gre/modules/XULStore.jsm, line 66: Error: Can't find profile directory.
console.warn: SearchSettings: "get: No settings file exists, new profile?" (new Error("", "(unknown module)"))
1604083555644	Marionette	INFO	Listening on port 53662
1604083556069	Marionette	WARN	TLS certificate errors will be ignored for this session
1604083716987	Marionette	INFO	Stopped listening on port 53662

###!!! [Child][RunMessage] Error: Channel closing: too late to send/recv, messages will be lost


###!!! [Child][MessageChannel::SendAndWait] Error: Channel error: cannot send/recv

l\\Temp\\rust_mozprofileJzr68H"
Can't find symbol 'eglSwapBuffersWithDamageEXT'.
JavaScript error: resource://gre/modules/XULStore.jsm, line 66: Error: Can't find profile directory.
console.warn: SearchSettings: "get: No settings file exists, new profile?" (new Error("", "(unknown module)"))
1604083611036	Marionette	INFO	Listening on port 53733
1604083611301	Marionette	WARN	TLS certificate errors will be ignored for this session
1604083907156	Marionette	INFO	Stopped listening on port 53733

###!!! [Child][RunMessage] Error: Channel closing: too late to send/recv, messages will be lost


###!!! [Child][MessageChannel::SendAndWait] Error: Channel error: cannot send/recv

l\\Temp\\rust_mozprofilempj1tw"
Can't find symbol 'eglSwapBuffersWithDamageEXT'.
JavaScript error: resource://gre/modules/XULStore.jsm, line 66: Error: Can't find profile directory.
console.warn: SearchSettings: "get: No settings file exists, new profile?" (new Error("", "(unknown module)"))
1604083858048	Marionette	INFO	Listening on port 53810
1604083858246	Marionette	WARN	TLS certificate errors will be ignored for this session
1604083909297	Marionette	INFO	Stopped listening on port 53810

###!!! [Child][RunMessage] Error: Channel closing: too late to send/recv, messages will be lost


###!!! [Child][MessageChannel::SendAndWait] Error: Channel error: cannot send/recv

l\\Temp\\rust_mozprofile8Hmcvp"
Can't find symbol 'eglSwapBuffersWithDamageEXT'.
JavaScript error: resource://gre/modules/XULStore.jsm, line 66: Error: Can't find profile directory.
console.warn: SearchSettings: "get: No settings file exists, new profile?" (new Error("", "(unknown module)"))
1604083885135	Marionette	INFO	Listening on port 53882
1604083885210	Marionette	WARN	TLS certificate errors will be ignored for this session
1604083910129	Marionette	INFO	Stopped listening on port 53882

###!!! [Child][RunMessage] Error: Channel closing: too late to send/recv, messages will be lost


###!!! [Child][MessageChannel::SendAndWait] Error: Channel error: cannot send/recv

1604084087523	geckodriver	INFO	Listening on 127.0.0.1:53994
1604084090631	mozrunner::runner	INFO	Running command: "C:\\Program Files\\Mozilla Firefox\\firefox.exe" "--marionette" "-foreground" "-no-remote" "-profile" "C:\\Users\\Federico\\AppData\\Local\\Temp\\rust_mozprofile32moLP"
Can't find symbol 'eglSwapBuffersWithDamageEXT'.
JavaScript error: resource://gre/modules/XULStore.jsm, line 66: Error: Can't find profile directory.
console.warn: SearchSettings: "get: No settings file exists, new profile?" (new Error("", "(unknown module)"))
1604084096621	Marionette	INFO	Listening on port 54002
1604084097008	Marionette	WARN	TLS certificate errors will be ignored for this session
1604084255347	Marionette	INFO	Stopped listening on port 54002

###!!! [Child][MessageChannel::SendAndWait] Error: Channel error: cannot send/recv

firefox.exe" "--marionette" "-foreground" "-no-remote" "-profile" "C:\\Users\\Federico\\AppData\\Local\\Temp\\rust_mozprofiler5hHGN"
Can't find symbol 'eglSwapBuffersWithDamageEXT'.
JavaScript error: resource://gre/modules/XULStore.jsm, line 66: Error: Can't find profile directory.
console.warn: SearchSettings: "get: No settings file exists, new profile?" (new Error("", "(unknown module)"))
1604084128348	Marionette	INFO	Listening on port 54073
1604084128811	Marionette	WARN	TLS certificate errors will be ignored for this session
1604084252848	Marionette	INFO	Stopped listening on port 54073

###!!! [Child][RunMessage] Error: Channel closing: too late to send/recv, messages will be lost


###!!! [Child][MessageChannel::SendAndWait] Error: Channel error: cannot send/recv

1604084389122	geckodriver	INFO	Listening on 127.0.0.1:54192
1604084392192	mozrunner::runner	INFO	Running command: "C:\\Program Files\\Mozilla Firefox\\firefox.exe" "--marionette" "-foreground" "-no-remote" "-profile" "C:\\Users\\Federico\\AppData\\Local\\Temp\\rust_mozprofileVrIgh9"
Can't find symbol 'eglSwapBuffersWithDamageEXT'.
JavaScript error: resource://gre/modules/XULStore.jsm, line 66: Error: Can't find profile directory.
console.warn: SearchSettings: "get: No settings file exists, new profile?" (new Error("", "(unknown module)"))
1604084397332	Marionette	INFO	Listening on port 54201
1604084397557	Marionette	WARN	TLS certificate errors will be ignored for this session
1604084890478	Marionette	INFO	Stopped listening on port 54201

###!!! [Child][RunMessage] Error: Channel closing: too late to send/recv, messages will be lost


###!!! [Child][MessageChannel::SendAndWait] Error: Channel error: cannot send/recv

l\\Temp\\rust_mozprofileaRnYGP"
Can't find symbol 'eglSwapBuffersWithDamageEXT'.
JavaScript error: resource://gre/modules/XULStore.jsm, line 66: Error: Can't find profile directory.
console.warn: SearchSettings: "get: No settings file exists, new profile?" (new Error("", "(unknown module)"))
1604084472992	Marionette	INFO	Listening on port 54273
1604084473403	Marionette	WARN	TLS certificate errors will be ignored for this session
1604084893511	Marionette	INFO	Stopped listening on port 54273

###!!! [Child][RunMessage] Error: Channel closing: too late to send/recv, messages will be lost


###!!! [Child][MessageChannel::SendAndWait] Error: Channel error: cannot send/recv

l\\Temp\\rust_mozprofilevBWTqU"
Can't find symbol 'eglSwapBuffersWithDamageEXT'.
JavaScript error: resource://gre/modules/XULStore.jsm, line 66: Error: Can't find profile directory.
console.warn: SearchSettings: "get: No settings file exists, new profile?" (new Error("", "(unknown module)"))
1604084507513	Marionette	INFO	Listening on port 54341
1604084507916	Marionette	WARN	TLS certificate errors will be ignored for this session
1604084895206	Marionette	INFO	Stopped listening on port 54341

###!!! [Child][MessageChannel::SendAndWait] Error: Channel error: cannot send/recv

1604154354442	geckodriver	INFO	Listening on 127.0.0.1:55294
1604154357538	mozrunner::runner	INFO	Running command: "C:\\Program Files\\Mozilla Firefox\\firefox.exe" "--marionette" "-foreground" "-no-remote" "-profile" "C:\\Users\\Federico\\AppData\\Local\\Temp\\rust_mozprofiled3qurD"
Can't find symbol 'eglSwapBuffersWithDamageEXT'.
JavaScript error: resource://gre/modules/XULStore.jsm, line 66: Error: Can't find profile directory.
console.warn: SearchSettings: "get: No settings file exists, new profile?" (new Error("", "(unknown module)"))
1604154362748	Marionette	INFO	Listening on port 55302
1604154362901	Marionette	WARN	TLS certificate errors will be ignored for this session
1604154395923	Marionette	INFO	Stopped listening on port 55302

###!!! [Child][RunMessage] Error: Channel closing: too late to send/recv, messages will be lost


###!!! [Child][MessageChannel::SendAndWait] Error: Channel error: cannot send/recv

1604154436353	geckodriver	INFO	Listening on 127.0.0.1:55341
1604154439448	mozrunner::runner	INFO	Running command: "C:\\Program Files\\Mozilla Firefox\\firefox.exe" "--marionette" "-foreground" "-no-remote" "-profile" "C:\\Users\\Federico\\AppData\\Local\\Temp\\rust_mozprofileO0UbbQ"
Can't find symbol 'eglSwapBuffersWithDamageEXT'.
JavaScript error: resource://gre/modules/XULStore.jsm, line 66: Error: Can't find profile directory.
console.warn: SearchSettings: "get: No settings file exists, new profile?" (new Error("", "(unknown module)"))
1604154444846	Marionette	INFO	Listening on port 55349
1604154445316	Marionette	WARN	TLS certificate errors will be ignored for this session
1604154491164	Marionette	INFO	Stopped listening on port 55349

###!!! [Child][RunMessage] Error: Channel closing: too late to send/recv, messages will be lost


###!!! [Child][MessageChannel::SendAndWait] Error: Channel error: cannot send/recv

1604154496162	geckodriver	INFO	Listening on 127.0.0.1:55445
1604154499255	mozrunner::runner	INFO	Running command: "C:\\Program Files\\Mozilla Firefox\\firefox.exe" "--marionette" "-foreground" "-no-remote" "-profile" "C:\\Users\\Federico\\AppData\\Local\\Temp\\rust_mozprofileASy1Nh"
Can't find symbol 'eglSwapBuffersWithDamageEXT'.
JavaScript error: resource://gre/modules/XULStore.jsm, line 66: Error: Can't find profile directory.
console.warn: SearchSettings: "get: No settings file exists, new profile?" (new Error("", "(unknown module)"))
1604154504305	Marionette	INFO	Listening on port 55453
1604154504597	Marionette	WARN	TLS certificate errors will be ignored for this session

###!!! [Child][MessageChannel] Error: (msgtype=0x550018,name=PHal::Msg_UnlockScreenOrientation) Channel closing: too late to send/recv, messages will be lost


###!!! [Child][MessageChannel] Error: (msgtype=0x550018,name=PHal::Msg_UnlockScreenOrientation) Channel closing: too late to send/recv, messages will be lost


###!!! [Child][MessageChannel] Error: (msgtype=0x550015,name=PHal::Msg_DisableScreenConfigurationNotifications) Channel closing: too late to send/recv, messages will be lost

1604154665144	Marionette	INFO	Stopped listening on port 55453

###!!! [Child][RunMessage] Error: Channel closing: too late to send/recv, messages will be lost


###!!! [Child][MessageChannel::SendAndWait] Error: Channel error: cannot send/recv

1604154667970	geckodriver	INFO	Listening on 127.0.0.1:55558
1604154671070	mozrunner::runner	INFO	Running command: "C:\\Program Files\\Mozilla Firefox\\firefox.exe" "--marionette" "-foreground" "-no-remote" "-profile" "C:\\Users\\Federico\\AppData\\Local\\Temp\\rust_mozprofileRTT2UV"
Can't find symbol 'eglSwapBuffersWithDamageEXT'.
JavaScript error: resource://gre/modules/XULStore.jsm, line 66: Error: Can't find profile directory.
console.warn: SearchSettings: "get: No settings file exists, new profile?" (new Error("", "(unknown module)"))
1604154676297	Marionette	INFO	Listening on port 55566
1604154676430	Marionette	WARN	TLS certificate errors will be ignored for this session

###!!! [Child][RunMessage] Error: Channel closing: too late to send/recv, messages will be lost

1604154696218	Marionette	INFO	Stopped listening on port 55566

###!!! [Child][RunMessage] Error: Channel closing: too late to send/recv, messages will be lost


###!!! [Child][MessageChannel::SendAndWait] Error: Channel error: cannot send/recv

1604154763877	geckodriver	INFO	Listening on 127.0.0.1:55661
1604154766957	mozrunner::runner	INFO	Running command: "C:\\Program Files\\Mozilla Firefox\\firefox.exe" "--marionette" "-foreground" "-no-remote" "-profile" "C:\\Users\\Federico\\AppData\\Local\\Temp\\rust_mozprofileKGdwgZ"
Can't find symbol 'eglSwapBuffersWithDamageEXT'.
JavaScript error: resource://gre/modules/XULStore.jsm, line 66: Error: Can't find profile directory.
console.warn: SearchSettings: "get: No settings file exists, new profile?" (new Error("", "(unknown module)"))
1604154771943	Marionette	INFO	Listening on port 55669
1604154772318	Marionette	WARN	TLS certificate errors will be ignored for this session
1604154798922	Marionette	INFO	Stopped listening on port 55669

###!!! [Child][RunMessage] Error: Channel closing: too late to send/recv, messages will be lost


###!!! [Child][MessageChannel::SendAndWait] Error: Channel error: cannot send/recv

1604154825239	geckodriver	INFO	Listening on 127.0.0.1:55769
1604154828315	mozrunner::runner	INFO	Running command: "C:\\Program Files\\Mozilla Firefox\\firefox.exe" "--marionette" "-foreground" "-no-remote" "-profile" "C:\\Users\\Federico\\AppData\\Local\\Temp\\rust_mozprofileCc0bvq"
Can't find symbol 'eglSwapBuffersWithDamageEXT'.
JavaScript error: resource://gre/modules/XULStore.jsm, line 66: Error: Can't find profile directory.
console.warn: SearchSettings: "get: No settings file exists, new profile?" (new Error("", "(unknown module)"))
1604154833112	Marionette	INFO	Listening on port 55777
1604154833681	Marionette	WARN	TLS certificate errors will be ignored for this session

###!!! [Child][RunMessage] Error: Channel closing: too late to send/recv, messages will be lost

1604155141393	Marionette	INFO	Stopped listening on port 55777

###!!! [Child][RunMessage] Error: Channel closing: too late to send/recv, messages will be lost


###!!! [Child][MessageChannel::SendAndWait] Error: Channel error: cannot send/recv

driver	INFO	Listening on 127.0.0.1:55897
1604154897673	mozrunner::runner	INFO	Running command: "C:\\Program Files\\Mozilla Firefox\\firefox.exe" "--marionette" "-foreground" "-no-remote" "-profile" "C:\\Users\\Federico\\AppData\\Local\\Temp\\rust_mozprofilego1GoF"
Can't find symbol 'eglSwapBuffersWithDamageEXT'.
JavaScript error: resource://gre/modules/XULStore.jsm, line 66: Error: Can't find profile directory.
console.warn: SearchSettings: "get: No settings file exists, new profile?" (new Error("", "(unknown module)"))
1604154902874	Marionette	INFO	Listening on port 55905
1604154903034	Marionette	WARN	TLS certificate errors will be ignored for this session
1604155140340	Marionette	INFO	Stopped listening on port 55905

###!!! [Child][RunMessage] Error: Channel closing: too late to send/recv, messages will be lost


###!!! [Child][MessageChannel::SendAndWait] Error: Channel error: cannot send/recv

l\\Temp\\rust_mozprofileXGIeUY"
Can't find symbol 'eglSwapBuffersWithDamageEXT'.
JavaScript error: resource://gre/modules/XULStore.jsm, line 66: Error: Can't find profile directory.
console.warn: SearchSettings: "get: No settings file exists, new profile?" (new Error("", "(unknown module)"))
1604154986442	Marionette	INFO	Listening on port 56016
1604154986636	Marionette	WARN	TLS certificate errors will be ignored for this session
1604155137892	Marionette	INFO	Stopped listening on port 56016

###!!! [Child][RunMessage] Error: Channel closing: too late to send/recv, messages will be lost


###!!! [Child][MessageChannel::SendAndWait] Error: Channel error: cannot send/recv

1604155343064	geckodriver	INFO	Listening on 127.0.0.1:56118
1604155346113	mozrunner::runner	INFO	Running command: "C:\\Program Files\\Mozilla Firefox\\firefox.exe" "--marionette" "-foreground" "-no-remote" "-profile" "C:\\Users\\Federico\\AppData\\Local\\Temp\\rust_mozprofileMEvZo5"
Can't find symbol 'eglSwapBuffersWithDamageEXT'.
JavaScript error: resource://gre/modules/XULStore.jsm, line 66: Error: Can't find profile directory.
console.warn: SearchSettings: "get: No settings file exists, new profile?" (new Error("", "(unknown module)"))
1604155352107	Marionette	INFO	Listening on port 56126
1604155352470	Marionette	WARN	TLS certificate errors will be ignored for this session
1604155436373	Marionette	INFO	Stopped listening on port 56126

###!!! [Child][RunMessage] Error: Channel closing: too late to send/recv, messages will be lost


###!!! [Child][MessageChannel::SendAndWait] Error: Channel error: cannot send/recv

1604155642127	geckodriver	INFO	Listening on 127.0.0.1:56236
1604155645189	mozrunner::runner	INFO	Running command: "C:\\Program Files\\Mozilla Firefox\\firefox.exe" "--marionette" "-foreground" "-no-remote" "-profile" "C:\\Users\\Federico\\AppData\\Local\\Temp\\rust_mozprofileVwIAm3"
Can't find symbol 'eglSwapBuffersWithDamageEXT'.
JavaScript error: resource://gre/modules/XULStore.jsm, line 66: Error: Can't find profile directory.
console.warn: SearchSettings: "get: No settings file exists, new profile?" (new Error("", "(unknown module)"))
1604155650353	Marionette	INFO	Listening on port 56244
1604155650538	Marionette	WARN	TLS certificate errors will be ignored for this session
1604155664748	Marionette	INFO	Stopped listening on port 56244

###!!! [Child][RunMessage] Error: Channel closing: too late to send/recv, messages will be lost


###!!! [Child][MessageChannel::SendAndWait] Error: Channel error: cannot send/recv

1604155793654	geckodriver	INFO	Listening on 127.0.0.1:56311
1604155796717	mozrunner::runner	INFO	Running command: "C:\\Program Files\\Mozilla Firefox\\firefox.exe" "--marionette" "-foreground" "-no-remote" "-profile" "C:\\Users\\Federico\\AppData\\Local\\Temp\\rust_mozprofilecUMBGr"
Can't find symbol 'eglSwapBuffersWithDamageEXT'.
JavaScript error: resource://gre/modules/XULStore.jsm, line 66: Error: Can't find profile directory.
console.warn: SearchSettings: "get: No settings file exists, new profile?" (new Error("", "(unknown module)"))
1604155802726	Marionette	INFO	Listening on port 56319
1604155803085	Marionette	WARN	TLS certificate errors will be ignored for this session

###!!! [Child][RunMessage] Error: Channel closing: too late to send/recv, messages will be lost

1604155832075	Marionette	INFO	Stopped listening on port 56319

###!!! [Child][RunMessage] Error: Channel closing: too late to send/recv, messages will be lost


###!!! [Child][MessageChannel::SendAndWait] Error: Channel error: cannot send/recv

1604159041738	geckodriver	INFO	Listening on 127.0.0.1:56936
1604159044800	mozrunner::runner	INFO	Running command: "C:\\Program Files\\Mozilla Firefox\\firefox.exe" "--marionette" "-foreground" "-no-remote" "-profile" "C:\\Users\\Federico\\AppData\\Local\\Temp\\rust_mozprofileFzZRaN"
Can't find symbol 'eglSwapBuffersWithDamageEXT'.
JavaScript error: resource://gre/modules/XULStore.jsm, line 66: Error: Can't find profile directory.
console.warn: SearchSettings: "get: No settings file exists, new profile?" (new Error("", "(unknown module)"))
1604159050095	Marionette	INFO	Listening on port 56944
1604159050640	Marionette	WARN	TLS certificate errors will be ignored for this session
1604159164463	Marionette	INFO	Stopped listening on port 56944

###!!! [Child][RunMessage] Error: Channel closing: too late to send/recv, messages will be lost


###!!! [Child][MessageChannel::SendAndWait] Error: Channel error: cannot send/recv

1604159340177	geckodriver	INFO	Listening on 127.0.0.1:57387
1604159343206	mozrunner::runner	INFO	Running command: "C:\\Program Files\\Mozilla Firefox\\firefox.exe" "--marionette" "-foreground" "-no-remote" "-profile" "C:\\Users\\Federico\\AppData\\Local\\Temp\\rust_mozprofile9ouBzk"
Can't find symbol 'eglSwapBuffersWithDamageEXT'.
JavaScript error: resource://gre/modules/XULStore.jsm, line 66: Error: Can't find profile directory.
console.warn: SearchSettings: "get: No settings file exists, new profile?" (new Error("", "(unknown module)"))
1604159351344	Marionette	INFO	Listening on port 57395
1604159351516	Marionette	WARN	TLS certificate errors will be ignored for this session
1604159800596	Marionette	INFO	Stopped listening on port 57395

###!!! [Child][RunMessage] Error: Channel closing: too late to send/recv, messages will be lost


###!!! [Child][MessageChannel::SendAndWait] Error: Channel error: cannot send/recv

1604160339827	geckodriver	INFO	Listening on 127.0.0.1:57607
1604160342891	mozrunner::runner	INFO	Running command: "C:\\Program Files\\Mozilla Firefox\\firefox.exe" "--marionette" "-foreground" "-no-remote" "-profile" "C:\\Users\\Federico\\AppData\\Local\\Temp\\rust_mozprofilebWxdBb"
Can't find symbol 'eglSwapBuffersWithDamageEXT'.
JavaScript error: resource://gre/modules/XULStore.jsm, line 66: Error: Can't find profile directory.
console.warn: SearchSettings: "get: No settings file exists, new profile?" (new Error("", "(unknown module)"))
1604160347804	Marionette	INFO	Listening on port 57615
1604160348214	Marionette	WARN	TLS certificate errors will be ignored for this session
1604160594539	Marionette	INFO	Stopped listening on port 57615

###!!! [Child][RunMessage] Error: Channel closing: too late to send/recv, messages will be lost


###!!! [Child][MessageChannel::SendAndWait] Error: Channel error: cannot send/recv

l\\Temp\\rust_mozprofilexAjmcT"
Can't find symbol 'eglSwapBuffersWithDamageEXT'.
JavaScript error: resource://gre/modules/XULStore.jsm, line 66: Error: Can't find profile directory.
console.warn: SearchSettings: "get: No settings file exists, new profile?" (new Error("", "(unknown module)"))
1604160504321	Marionette	INFO	Listening on port 57719
1604160504725	Marionette	WARN	TLS certificate errors will be ignored for this session
1604160593534	Marionette	INFO	Stopped listening on port 57719

###!!! [Child][RunMessage] Error: Channel closing: too late to send/recv, messages will be lost


###!!! [Child][MessageChannel::SendAndWait] Error: Channel error: cannot send/recv

1604160725569	geckodriver	INFO	Listening on 127.0.0.1:57827
1604160728655	mozrunner::runner	INFO	Running command: "C:\\Program Files\\Mozilla Firefox\\firefox.exe" "--marionette" "-foreground" "-no-remote" "-profile" "C:\\Users\\Federico\\AppData\\Local\\Temp\\rust_mozprofilexp053n"
Can't find symbol 'eglSwapBuffersWithDamageEXT'.
JavaScript error: resource://gre/modules/XULStore.jsm, line 66: Error: Can't find profile directory.
console.warn: SearchSettings: "get: No settings file exists, new profile?" (new Error("", "(unknown module)"))
1604160733614	Marionette	INFO	Listening on port 57835
1604160734005	Marionette	WARN	TLS certificate errors will be ignored for this session
1604160901267	Marionette	INFO	Stopped listening on port 57835

###!!! [Child][RunMessage] Error: Channel closing: too late to send/recv, messages will be lost


###!!! [Child][MessageChannel::SendAndWait] Error: Channel error: cannot send/recv

l\\Temp\\rust_mozprofilexMfQZz"
Can't find symbol 'eglSwapBuffersWithDamageEXT'.
JavaScript error: resource://gre/modules/XULStore.jsm, line 66: Error: Can't find profile directory.
console.warn: SearchSettings: "get: No settings file exists, new profile?" (new Error("", "(unknown module)"))
1604160903544	Marionette	INFO	Listening on port 57945
1604160903604	Marionette	WARN	TLS certificate errors will be ignored for this session
1604161061787	Marionette	INFO	Stopped listening on port 57945

###!!! [Child][RunMessage] Error: Channel closing: too late to send/recv, messages will be lost


###!!! [Child][MessageChannel::SendAndWait] Error: Channel error: cannot send/recv

1604161064397	geckodriver	INFO	Listening on 127.0.0.1:58019
1604161067491	mozrunner::runner	INFO	Running command: "C:\\Program Files\\Mozilla Firefox\\firefox.exe" "--marionette" "-foreground" "-no-remote" "-profile" "C:\\Users\\Federico\\AppData\\Local\\Temp\\rust_mozprofileTRnsFc"
Can't find symbol 'eglSwapBuffersWithDamageEXT'.
JavaScript error: resource://gre/modules/XULStore.jsm, line 66: Error: Can't find profile directory.
console.warn: SearchSettings: "get: No settings file exists, new profile?" (new Error("", "(unknown module)"))
1604161072511	Marionette	INFO	Listening on port 58027
1604161072848	Marionette	WARN	TLS certificate errors will be ignored for this session
1604161143539	Marionette	INFO	Stopped listening on port 58027

###!!! [Child][MessageChannel::SendAndWait] Error: Channel error: cannot send/recv

firefox.exe" "--marionette" "-foreground" "-no-remote" "-profile" "C:\\Users\\Federico\\AppData\\Local\\Temp\\rust_mozprofile3aNw0U"
Can't find symbol 'eglSwapBuffersWithDamageEXT'.
JavaScript error: resource://gre/modules/XULStore.jsm, line 66: Error: Can't find profile directory.
console.warn: SearchSettings: "get: No settings file exists, new profile?" (new Error("", "(unknown module)"))
1604161148330	Marionette	INFO	Listening on port 58108
1604161148841	Marionette	WARN	TLS certificate errors will be ignored for this session
1604161342811	Marionette	INFO	Stopped listening on port 58108

###!!! [Child][RunMessage] Error: Channel closing: too late to send/recv, messages will be lost


###!!! [Child][MessageChannel::SendAndWait] Error: Channel error: cannot send/recv

l\\Temp\\rust_mozprofilevtB3gm"
Can't find symbol 'eglSwapBuffersWithDamageEXT'.
JavaScript error: resource://gre/modules/XULStore.jsm, line 66: Error: Can't find profile directory.
console.warn: SearchSettings: "get: No settings file exists, new profile?" (new Error("", "(unknown module)"))
1604161188922	Marionette	INFO	Listening on port 58182
1604161189444	Marionette	WARN	TLS certificate errors will be ignored for this session
1604161340822	Marionette	INFO	Stopped listening on port 58182

###!!! [Child][RunMessage] Error: Channel closing: too late to send/recv, messages will be lost


###!!! [Child][MessageChannel::SendAndWait] Error: Channel error: cannot send/recv

1604313646905	mozrunner::runner	INFO	Running command: "/usr/bin/firefox" "-marionette" "-foreground" "-no-remote" "-profile" "/tmp/rust_mozprofile.df1lZcDk1KJZ"
1604313655842	Marionette	INFO	Listening on port 43795
1604313656007	Marionette	WARN	TLS certificate errors will be ignored for this session
1604313685506	Marionette	INFO	Stopped listening on port 43795
1604314011809	mozrunner::runner	INFO	Running command: "/usr/bin/firefox" "-marionette" "-headless" "-foreground" "-no-remote" "-profile" "/tmp/rust_mozprofile.CJpdj2vnJ6bY"
*** You are running in headless mode.
1604314016839	Marionette	INFO	Listening on port 42339
1604314016939	Marionette	WARN	TLS certificate errors will be ignored for this session
1604314037646	mozrunner::runner	INFO	Running command: "/usr/bin/firefox" "-marionette" "-headless" "-foreground" "-no-remote" "-profile" "/tmp/rust_mozprofile.mYzvNXcwll5J"
*** You are running in headless mode.
1604314042948	Marionette	INFO	Listening on port 45615
1604314042971	Marionette	WARN	TLS certificate errors will be ignored for this session
1604314063309	mozrunner::runner	INFO	Running command: "/usr/bin/firefox" "-marionette" "-headless" "-foreground" "-no-remote" "-profile" "/tmp/rust_mozprofile.jooGuSkPQZH4"
*** You are running in headless mode.
1604314068454	Marionette	INFO	Listening on port 42275
1604314068527	Marionette	WARN	TLS certificate errors will be ignored for this session
1604314111293	mozrunner::runner	INFO	Running command: "/usr/bin/firefox" "-marionette" "-headless" "-foreground" "-no-remote" "-profile" "/tmp/rust_mozprofile.oyEFU48O1hwP"
*** You are running in headless mode.
1604314115864	Marionette	INFO	Listening on port 36971
1604314115914	Marionette	WARN	TLS certificate errors will be ignored for this session
1604314851338	mozrunner::runner	INFO	Running command: "/usr/bin/firefox" "-marionette" "-headless" "-foreground" "-no-remote" "-profile" "/tmp/rust_mozprofile.uiRMwBTXYKxT"
*** You are running in headless mode.
1604314856418	Marionette	INFO	Listening on port 38543
1604314856491	Marionette	WARN	TLS certificate errors will be ignored for this session
1604314948217	mozrunner::runner	INFO	Running command: "/usr/bin/firefox" "-marionette" "-headless" "-foreground" "-no-remote" "-profile" "/tmp/rust_mozprofile.5arnWErjbjsK"
*** You are running in headless mode.
1604314952862	Marionette	INFO	Listening on port 38967
1604314952942	Marionette	WARN	TLS certificate errors will be ignored for this session
1604314993429	mozrunner::runner	INFO	Running command: "/usr/bin/firefox" "-marionette" "-headless" "-foreground" "-no-remote" "-profile" "/tmp/rust_mozprofile.LkjN8aDYUgWa"
*** You are running in headless mode.
1604314998611	Marionette	INFO	Listening on port 43755
1604314998658	Marionette	WARN	TLS certificate errors will be ignored for this session
